2025-05-14 21:06:53 0 [Note] Starting MariaDB 10.4.32-MariaDB source revision c4143f909528e3fab0677a28631d10389354c491 as process 17064
2025-05-14 21:06:53 0 [Note] InnoDB: Mutexes and rw_locks use Windows interlocked functions
2025-05-14 21:06:53 0 [Note] InnoDB: Uses event mutexes
2025-05-14 21:06:53 0 [Note] InnoDB: Compressed tables use zlib 1.3
2025-05-14 21:06:53 0 [Note] InnoDB: Number of pools: 1
2025-05-14 21:06:54 0 [Note] InnoDB: Using SSE2 crc32 instructions
2025-05-14 21:06:54 0 [Note] InnoDB: Initializing buffer pool, total size = 16M, instances = 1, chunk size = 16M
2025-05-14 21:06:54 0 [Note] InnoDB: Completed initialization of buffer pool
2025-05-14 21:06:54 0 [Note] InnoDB: Starting crash recovery from checkpoint LSN=300288
2025-05-14 21:06:54 0 [Note] InnoDB: 128 out of 128 rollback segments are active.
2025-05-14 21:06:54 0 [Note] InnoDB: Removed temporary tablespace data file: "ibtmp1"
2025-05-14 21:06:54 0 [Note] InnoDB: Creating shared tablespace for temporary tables
2025-05-14 21:06:54 0 [Note] InnoDB: Setting file 'C:\xampp\mysql\data\ibtmp1' size to 12 MB. Physically writing the file full; Please wait ...
2025-05-14 21:06:54 0 [Note] InnoDB: File 'C:\xampp\mysql\data\ibtmp1' size is now 12 MB.
2025-05-14 21:06:54 0 [Note] InnoDB: Waiting for purge to start
2025-05-14 21:06:54 0 [Note] InnoDB: 10.4.32 started; log sequence number 300297; transaction id 170
2025-05-14 21:06:54 0 [Note] InnoDB: Loading buffer pool(s) from C:\xampp\mysql\data\ib_buffer_pool
2025-05-14 21:06:54 0 [Note] Plugin 'FEEDBACK' is disabled.
2025-05-14 21:06:54 0 [Note] InnoDB: Buffer pool(s) load completed at 250514 21:06:54
2025-05-14 21:06:54 0 [Note] Server socket created on IP: '::'.
2025-05-14 21:06:54 0 [ERROR] Can't start server: Bind on TCP/IP port. Got error: 10048: Normalmente é permitida apenas uma utilização de cada endereço de soquete (protocolo/endereço de rede/porta).

2025-05-14 21:06:54 0 [ERROR] Do you already have another mysqld server running on port: 3306 ?
2025-05-14 21:06:54 0 [ERROR] Aborting
2025-05-14 21:07:27 0 [Note] Starting MariaDB 10.4.32-MariaDB source revision c4143f909528e3fab0677a28631d10389354c491 as process 2800
2025-05-14 21:07:27 0 [Note] InnoDB: Mutexes and rw_locks use Windows interlocked functions
2025-05-14 21:07:27 0 [Note] InnoDB: Uses event mutexes
2025-05-14 21:07:27 0 [Note] InnoDB: Compressed tables use zlib 1.3
2025-05-14 21:07:27 0 [Note] InnoDB: Number of pools: 1
2025-05-14 21:07:27 0 [Note] InnoDB: Using SSE2 crc32 instructions
2025-05-14 21:07:27 0 [Note] InnoDB: Initializing buffer pool, total size = 16M, instances = 1, chunk size = 16M
2025-05-14 21:07:27 0 [Note] InnoDB: Completed initialization of buffer pool
2025-05-14 21:07:27 0 [Note] InnoDB: 128 out of 128 rollback segments are active.
2025-05-14 21:07:27 0 [Note] InnoDB: Creating shared tablespace for temporary tables
2025-05-14 21:07:27 0 [Note] InnoDB: Setting file 'C:\xampp\mysql\data\ibtmp1' size to 12 MB. Physically writing the file full; Please wait ...
2025-05-14 21:07:27 0 [Note] InnoDB: File 'C:\xampp\mysql\data\ibtmp1' size is now 12 MB.
2025-05-14 21:07:27 0 [Note] InnoDB: Waiting for purge to start
2025-05-14 21:07:27 0 [Note] InnoDB: 10.4.32 started; log sequence number 300306; transaction id 170
2025-05-14 21:07:27 0 [Note] InnoDB: Loading buffer pool(s) from C:\xampp\mysql\data\ib_buffer_pool
2025-05-14 21:07:27 0 [Note] Plugin 'FEEDBACK' is disabled.
2025-05-14 21:07:27 0 [Note] InnoDB: Buffer pool(s) load completed at 250514 21:07:27
2025-05-14 21:07:27 0 [Note] Server socket created on IP: '::'.
2025-05-28 19:11:11 0 [Note] Starting MariaDB 10.4.32-MariaDB source revision c4143f909528e3fab0677a28631d10389354c491 as process 25832
2025-05-28 19:11:11 0 [Note] InnoDB: Mutexes and rw_locks use Windows interlocked functions
2025-05-28 19:11:11 0 [Note] InnoDB: Uses event mutexes
2025-05-28 19:11:11 0 [Note] InnoDB: Compressed tables use zlib 1.3
2025-05-28 19:11:11 0 [Note] InnoDB: Number of pools: 1
2025-05-28 19:11:11 0 [Note] InnoDB: Using SSE2 crc32 instructions
2025-05-28 19:11:11 0 [Note] InnoDB: Initializing buffer pool, total size = 16M, instances = 1, chunk size = 16M
2025-05-28 19:11:11 0 [Note] InnoDB: Completed initialization of buffer pool
2025-05-28 19:11:11 0 [Note] InnoDB: Starting crash recovery from checkpoint LSN=315134
2025-05-28 19:11:11 0 [Note] InnoDB: 128 out of 128 rollback segments are active.
2025-05-28 19:11:11 0 [Note] InnoDB: Removed temporary tablespace data file: "ibtmp1"
2025-05-28 19:11:11 0 [Note] InnoDB: Creating shared tablespace for temporary tables
2025-05-28 19:11:11 0 [Note] InnoDB: Setting file 'C:\xampp\mysql\data\ibtmp1' size to 12 MB. Physically writing the file full; Please wait ...
2025-05-28 19:11:11 0 [Note] InnoDB: File 'C:\xampp\mysql\data\ibtmp1' size is now 12 MB.
2025-05-28 19:11:11 0 [Note] InnoDB: Waiting for purge to start
2025-05-28 19:11:11 0 [Note] InnoDB: 10.4.32 started; log sequence number 315143; transaction id 218
2025-05-28 19:11:11 0 [Note] InnoDB: Loading buffer pool(s) from C:\xampp\mysql\data\ib_buffer_pool
2025-05-28 19:11:11 0 [Note] Plugin 'FEEDBACK' is disabled.
2025-05-28 19:11:11 0 [Note] Server socket created on IP: '::'.
2025-05-28 19:11:2025-05-28 19:14:33 0 [Note] Starting MariaDB 10.4.32-MariaDB source revision c4143f909528e3fab0677a28631d10389354c491 as process 26028
2025-05-28 19:14:33 0 [Note] InnoDB: Mutexes and rw_locks use Windows interlocked functions
2025-05-28 19:14:33 0 [Note] InnoDB: Uses event mutexes
2025-05-28 19:14:33 0 [Note] InnoDB: Compressed tables use zlib 1.3
2025-05-28 19:14:33 0 [Note] InnoDB: Number of pools: 1
2025-05-28 19:14:33 0 [Note] InnoDB: Using SSE2 crc32 instructions
2025-05-28 19:14:33 0 [Note] InnoDB: Initializing buffer pool, total size = 16M, instances = 1, chunk size = 16M
2025-05-28 19:14:33 0 [Note] InnoDB: Completed initialization of buffer pool
2025-05-28 19:14:33 0 [Note] InnoDB: Starting crash recovery from checkpoint LSN=315469
2025-05-28 19:14:33 0 [Note] InnoDB: 128 out of 128 rollback segments are active.
2025-05-28 19:14:33 0 [Note] InnoDB: Removed temporary tablespace data file: "ibtmp1"
2025-05-28 19:14:33 0 [Note] InnoDB: Creating shared tablespace for temporary tables
2025-05-28 19:14:33 0 [Note] InnoDB: Setting file 'C:\xampp\mysql\data\ibtmp1' size to 12 MB. Physically writing the file full; Please wait ...
2025-05-28 19:14:33 0 [Note] InnoDB: File 'C:\xampp\mysql\data\ibtmp1' size is now 12 MB.
2025-05-28 19:14:33 0 [Note] InnoDB: Waiting for purge to start
2025-05-28 19:14:33 0 [Note] InnoDB: 10.4.32 started; log sequence number 315478; transaction id 241
2025-05-28 19:14:33 0 [Note] InnoDB: Loading buffer pool(s) from C:\xampp\mysql\data\ib_buffer_pool
2025-05-28 19:14:33 0 [Note] Plugin 'FEEDBACK' is disabled.
2025-05-28 19:14:33 0 [Note] InnoDB: Buffer pool(s) load completed at 250528 19:14:33
2025-05-28 19:14:33 0 [Note] Server socket created on IP: '::'.
2025-06-04 20:27:51 0 [Note] Starting MariaDB 10.4.32-MariaDB source revision c4143f909528e3fab0677a28631d10389354c491 as process 11968
2025-06-04 20:27:51 0 [Note] InnoDB: Mutexes and rw_locks use Windows interlocked functions
2025-06-04 20:27:51 0 [Note] InnoDB: Uses event mutexes
2025-06-04 20:27:51 0 [Note] InnoDB: Compressed tables use zlib 1.3
2025-06-04 20:27:51 0 [Note] InnoDB: Number of pools: 1
2025-06-04 20:27:51 0 [Note] InnoDB: Using SSE2 crc32 instructions
2025-06-04 20:27:51 0 [Note] InnoDB: Initializing buffer pool, total size = 16M, instances = 1, chunk size = 16M
2025-06-04 20:27:51 0 [Note] InnoDB: Completed initialization of buffer pool
2025-06-04 20:27:51 0 [Note] InnoDB: Starting crash recovery from checkpoint LSN=320589
2025-06-04 20:27:52 0 [Note] InnoDB: 128 out of 128 rollback segments are active.
2025-06-04 20:27:52 0 [Note] InnoDB: Removed temporary tablespace data file: "ibtmp1"
2025-06-04 20:27:52 0 [Note] InnoDB: Creating shared tablespace for temporary tables
2025-06-04 20:27:52 0 [Note] InnoDB: Setting file 'C:\xampp\mysql\data\ibtmp1' size to 12 MB. Physically writing the file full; Please wait ...
2025-06-04 20:27:52 0 [Note] InnoDB: File 'C:\xampp\mysql\data\ibtmp1' size is now 12 MB.
2025-06-04 20:27:52 0 [Note] InnoDB: Waiting for purge to start
2025-06-04 20:27:52 0 [Note] InnoDB: 10.4.32 started; log sequence number 320598; transaction id 272
2025-06-04 20:27:52 0 [Note] InnoDB: Loading buffer pool(s) from C:\xampp\mysql\data\ib_buffer_pool
2025-06-04 20:27:52 0 [Note] Plugin 'FEEDBACK' is disabled.
2025-06-04 20:27:52 0 [Note] Server socket created on IP: '::'.
2025-06-09 20:54:18 0 [Note] Starting MariaDB 10.4.32-MariaDB source revision c4143f909528e3fab0677a28631d10389354c491 as process 1592
2025-06-09 20:54:18 0 [Note] InnoDB: Mutexes and rw_locks use Windows interlocked functions
2025-06-09 20:54:18 0 [Note] InnoDB: Uses event mutexes
2025-06-09 20:54:18 0 [Note] InnoDB: Compressed tables use zlib 1.3
2025-06-09 20:54:18 0 [Note] InnoDB: Number of pools: 1
2025-06-09 20:54:18 0 [Note] InnoDB: Using SSE2 crc32 instructions
2025-06-09 20:54:18 0 [Note] InnoDB: Initializing buffer pool, total size = 16M, instances = 1, chunk size = 16M
2025-06-09 20:54:18 0 [Note] InnoDB: Completed initialization of buffer pool
2025-06-09 20:54:18 0 [Note] InnoDB: Starting crash recovery from checkpoint LSN=321630
2025-06-09 20:54:19 0 [Note] InnoDB: 128 out of 128 rollback segments are active.
2025-06-09 20:54:19 0 [Note] InnoDB: Removed temporary tablespace data file: "ibtmp1"
2025-06-09 20:54:19 0 [Note] InnoDB: Creating shared tablespace for temporary tables
2025-06-09 20:54:19 0 [Note] InnoDB: Setting file 'C:\xampp\mysql\data\ibtmp1' size to 12 MB. Physically writing the file full; Please wait ...
2025-06-09 20:54:19 0 [Note] InnoDB: File 'C:\xampp\mysql\data\ibtmp1' size is now 12 MB.
2025-06-09 20:54:19 0 [Note] InnoDB: 10.4.32 started; log sequence number 321639; transaction id 298
2025-06-09 20:54:19 0 [Note] InnoDB: Loading buffer pool(s) from C:\xampp\mysql\data\ib_buffer_pool
2025-06-09 20:54:19 0 [Note] Plugin 'FEEDBACK' is disabled.
2025-06-09 20:54:19 0 [Note] Server socket created on IP: '::'.
